[INFO  - 2017-08-10T16:15:59.366Z] GhostDriver - Main - running on port 6065
[INFO  - 2017-08-10T16:15:59.828Z] Session [329e4500-7de7-11e7-88e3-ff5abb90c5c7] - page.settings - {"XSSAuditingEnabled":false,"javascriptCanCloseWindows":true,"javascriptCanOpenWindows":true,"javascriptEnabled":true,"loadImages":true,"localToRemoteUrlAccessEnabled":false,"userAgent":"Mozilla/5.0 (Windows NT 6.2; WOW64) AppleWebKit/538.1 (KHTML, like Gecko) PhantomJS/2.1.1 Safari/538.1","webSecurityEnabled":true}
[INFO  - 2017-08-10T16:15:59.828Z] Session [329e4500-7de7-11e7-88e3-ff5abb90c5c7] - page.customHeaders:  - {}
[INFO  - 2017-08-10T16:15:59.828Z] Session [329e4500-7de7-11e7-88e3-ff5abb90c5c7] - Session.negotiatedCapabilities - {"browserName":"phantomjs","version":"2.1.1","driverName":"ghostdriver","driverVersion":"1.2.0","platform":"windows-10-32bit","javascriptEnabled":true,"takesScreenshot":true,"handlesAlerts":false,"databaseEnabled":false,"locationContextEnabled":false,"applicationCacheEnabled":false,"browserConnectionEnabled":false,"cssSelectorsEnabled":true,"webStorageEnabled":false,"rotatable":false,"acceptSslCerts":false,"nativeEvents":true,"proxy":{"proxyType":"direct"}}
[INFO  - 2017-08-10T16:15:59.829Z] SessionManagerReqHand - _postNewSessionCommand - New Session Created: 329e4500-7de7-11e7-88e3-ff5abb90c5c7
[INFO  - 2017-08-10T16:16:01.793Z] Session [329e4500-7de7-11e7-88e3-ff5abb90c5c7] - page.settings - {"XSSAuditingEnabled":false,"javascriptCanCloseWindows":true,"javascriptCanOpenWindows":true,"javascriptEnabled":true,"loadImages":true,"localToRemoteUrlAccessEnabled":false,"userAgent":"Mozilla/5.0 (Windows NT 6.2; WOW64) AppleWebKit/538.1 (KHTML, like Gecko) PhantomJS/2.1.1 Safari/538.1","webSecurityEnabled":true}
[INFO  - 2017-08-10T16:16:01.793Z] Session [329e4500-7de7-11e7-88e3-ff5abb90c5c7] - page.customHeaders:  - {}
[INFO  - 2017-08-10T16:16:02.865Z] Session [329e4500-7de7-11e7-88e3-ff5abb90c5c7] - page.settings - {"XSSAuditingEnabled":false,"javascriptCanCloseWindows":true,"javascriptCanOpenWindows":true,"javascriptEnabled":true,"loadImages":true,"localToRemoteUrlAccessEnabled":false,"userAgent":"Mozilla/5.0 (Windows NT 6.2; WOW64) AppleWebKit/538.1 (KHTML, like Gecko) PhantomJS/2.1.1 Safari/538.1","webSecurityEnabled":true}
[INFO  - 2017-08-10T16:16:02.865Z] Session [329e4500-7de7-11e7-88e3-ff5abb90c5c7] - page.customHeaders:  - {}
[INFO  - 2017-08-10T16:16:03.631Z] Session [329e4500-7de7-11e7-88e3-ff5abb90c5c7] - page.settings - {"XSSAuditingEnabled":false,"javascriptCanCloseWindows":true,"javascriptCanOpenWindows":true,"javascriptEnabled":true,"loadImages":true,"localToRemoteUrlAccessEnabled":false,"userAgent":"Mozilla/5.0 (Windows NT 6.2; WOW64) AppleWebKit/538.1 (KHTML, like Gecko) PhantomJS/2.1.1 Safari/538.1","webSecurityEnabled":true}
[INFO  - 2017-08-10T16:16:03.631Z] Session [329e4500-7de7-11e7-88e3-ff5abb90c5c7] - page.customHeaders:  - {}
[INFO  - 2017-08-10T16:16:04.408Z] Session [329e4500-7de7-11e7-88e3-ff5abb90c5c7] - page.settings - {"XSSAuditingEnabled":false,"javascriptCanCloseWindows":true,"javascriptCanOpenWindows":true,"javascriptEnabled":true,"loadImages":true,"localToRemoteUrlAccessEnabled":false,"userAgent":"Mozilla/5.0 (Windows NT 6.2; WOW64) AppleWebKit/538.1 (KHTML, like Gecko) PhantomJS/2.1.1 Safari/538.1","webSecurityEnabled":true}
[INFO  - 2017-08-10T16:16:04.408Z] Session [329e4500-7de7-11e7-88e3-ff5abb90c5c7] - page.customHeaders:  - {}
[INFO  - 2017-08-10T16:16:10.119Z] Session [329e4500-7de7-11e7-88e3-ff5abb90c5c7] - page.settings - {"XSSAuditingEnabled":false,"javascriptCanCloseWindows":true,"javascriptCanOpenWindows":true,"javascriptEnabled":true,"loadImages":true,"localToRemoteUrlAccessEnabled":false,"userAgent":"Mozilla/5.0 (Windows NT 6.2; WOW64) AppleWebKit/538.1 (KHTML, like Gecko) PhantomJS/2.1.1 Safari/538.1","webSecurityEnabled":true}
[INFO  - 2017-08-10T16:16:10.119Z] Session [329e4500-7de7-11e7-88e3-ff5abb90c5c7] - page.customHeaders:  - {}
[INFO  - 2017-08-10T16:16:10.848Z] Session [329e4500-7de7-11e7-88e3-ff5abb90c5c7] - page.settings - {"XSSAuditingEnabled":false,"javascriptCanCloseWindows":true,"javascriptCanOpenWindows":true,"javascriptEnabled":true,"loadImages":true,"localToRemoteUrlAccessEnabled":false,"userAgent":"Mozilla/5.0 (Windows NT 6.2; WOW64) AppleWebKit/538.1 (KHTML, like Gecko) PhantomJS/2.1.1 Safari/538.1","webSecurityEnabled":true}
[INFO  - 2017-08-10T16:16:10.848Z] Session [329e4500-7de7-11e7-88e3-ff5abb90c5c7] - page.customHeaders:  - {}
[INFO  - 2017-08-10T16:16:11.461Z] Session [329e4500-7de7-11e7-88e3-ff5abb90c5c7] - page.settings - {"XSSAuditingEnabled":false,"javascriptCanCloseWindows":true,"javascriptCanOpenWindows":true,"javascriptEnabled":true,"loadImages":true,"localToRemoteUrlAccessEnabled":false,"userAgent":"Mozilla/5.0 (Windows NT 6.2; WOW64) AppleWebKit/538.1 (KHTML, like Gecko) PhantomJS/2.1.1 Safari/538.1","webSecurityEnabled":true}
[INFO  - 2017-08-10T16:16:11.461Z] Session [329e4500-7de7-11e7-88e3-ff5abb90c5c7] - page.customHeaders:  - {}
[INFO  - 2017-08-10T16:16:14.082Z] ShutdownReqHand - _handle - About to shutdown
